CRITICAL - 2022-06-11 06:56:58 --> Invalid argument supplied for foreach()
#0 C:\xampp\htdocs\TB2-Perpustakaan-PWeb2\app\Views\pdfListView.php(46): CodeIgniter\Debug\Exceptions->errorHandler(2, 'Invalid argumen...', 'C:\\xampp\\htdocs...', 46, Array)
#1 C:\xampp\htdocs\TB2-Perpustakaan-PWeb2\vendor\codeigniter4\framework\system\View\View.php(210): include('C:\\xampp\\htdocs...')
#2 C:\xampp\htdocs\TB2-Perpustakaan-PWeb2\vendor\codeigniter4\framework\system\View\View.php(213): CodeIgniter\View\View->CodeIgniter\View\{closure}()
#3 C:\xampp\htdocs\TB2-Perpustakaan-PWeb2\vendor\codeigniter4\framework\system\Common.php(1089): CodeIgniter\View\View->render('pdfListView', Array, true)
#4 C:\xampp\htdocs\TB2-Perpustakaan-PWeb2\app\Controllers\CV.php(148): view('pdfListView')
#5 C:\xampp\htdocs\TB2-Perpustakaan-PWeb2\vendor\codeigniter4\framework\system\CodeIgniter.php(832): App\Controllers\CV->exportPDF()
#6 C:\xampp\htdocs\TB2-Perpustakaan-PWeb2\vendor\codeigniter4\framework\system\CodeIgniter.php(419): CodeIgniter\CodeIgniter->runController(Object(App\Controllers\CV))
#7 C:\xampp\htdocs\TB2-Perpustakaan-PWeb2\vendor\codeigniter4\framework\system\CodeIgniter.php(326): CodeIgniter\CodeIgniter->handleRequest(NULL, Object(Config\Cache), false)
#8 C:\xampp\htdocs\TB2-Perpustakaan-PWeb2\public\index.php(37): CodeIgniter\CodeIgniter->run()
#9 C:\xampp\htdocs\TB2-Perpustakaan-PWeb2\vendor\codeigniter4\framework\system\Commands\Server\rewrite.php(43): require_once('C:\\xampp\\htdocs...')
#10 {main}
CRITICAL - 2022-06-11 06:57:58 --> Invalid argument supplied for foreach()
#0 C:\xampp\htdocs\TB2-Perpustakaan-PWeb2\app\Views\pdfListView.php(46): CodeIgniter\Debug\Exceptions->errorHandler(2, 'Invalid argumen...', 'C:\\xampp\\htdocs...', 46, Array)
#1 C:\xampp\htdocs\TB2-Perpustakaan-PWeb2\vendor\codeigniter4\framework\system\View\View.php(210): include('C:\\xampp\\htdocs...')
#2 C:\xampp\htdocs\TB2-Perpustakaan-PWeb2\vendor\codeigniter4\framework\system\View\View.php(213): CodeIgniter\View\View->CodeIgniter\View\{closure}()
#3 C:\xampp\htdocs\TB2-Perpustakaan-PWeb2\vendor\codeigniter4\framework\system\Common.php(1089): CodeIgniter\View\View->render('pdfListView', Array, true)
#4 C:\xampp\htdocs\TB2-Perpustakaan-PWeb2\app\Controllers\CV.php(148): view('pdfListView')
#5 C:\xampp\htdocs\TB2-Perpustakaan-PWeb2\vendor\codeigniter4\framework\system\CodeIgniter.php(832): App\Controllers\CV->exportPDF()
#6 C:\xampp\htdocs\TB2-Perpustakaan-PWeb2\vendor\codeigniter4\framework\system\CodeIgniter.php(419): CodeIgniter\CodeIgniter->runController(Object(App\Controllers\CV))
#7 C:\xampp\htdocs\TB2-Perpustakaan-PWeb2\vendor\codeigniter4\framework\system\CodeIgniter.php(326): CodeIgniter\CodeIgniter->handleRequest(NULL, Object(Config\Cache), false)
#8 C:\xampp\htdocs\TB2-Perpustakaan-PWeb2\public\index.php(37): CodeIgniter\CodeIgniter->run()
#9 C:\xampp\htdocs\TB2-Perpustakaan-PWeb2\vendor\codeigniter4\framework\system\Commands\Server\rewrite.php(43): require_once('C:\\xampp\\htdocs...')
#10 {main}
CRITICAL - 2022-06-11 06:58:25 --> Invalid argument supplied for foreach()
#0 C:\xampp\htdocs\TB2-Perpustakaan-PWeb2\app\Views\pdfListView.php(46): CodeIgniter\Debug\Exceptions->errorHandler(2, 'Invalid argumen...', 'C:\\xampp\\htdocs...', 46, Array)
#1 C:\xampp\htdocs\TB2-Perpustakaan-PWeb2\vendor\codeigniter4\framework\system\View\View.php(210): include('C:\\xampp\\htdocs...')
#2 C:\xampp\htdocs\TB2-Perpustakaan-PWeb2\vendor\codeigniter4\framework\system\View\View.php(213): CodeIgniter\View\View->CodeIgniter\View\{closure}()
#3 C:\xampp\htdocs\TB2-Perpustakaan-PWeb2\vendor\codeigniter4\framework\system\Common.php(1089): CodeIgniter\View\View->render('pdfListView', Array, true)
#4 C:\xampp\htdocs\TB2-Perpustakaan-PWeb2\app\Controllers\CV.php(148): view('pdfListView')
#5 C:\xampp\htdocs\TB2-Perpustakaan-PWeb2\vendor\codeigniter4\framework\system\CodeIgniter.php(832): App\Controllers\CV->exportPDF()
#6 C:\xampp\htdocs\TB2-Perpustakaan-PWeb2\vendor\codeigniter4\framework\system\CodeIgniter.php(419): CodeIgniter\CodeIgniter->runController(Object(App\Controllers\CV))
#7 C:\xampp\htdocs\TB2-Perpustakaan-PWeb2\vendor\codeigniter4\framework\system\CodeIgniter.php(326): CodeIgniter\CodeIgniter->handleRequest(NULL, Object(Config\Cache), false)
#8 C:\xampp\htdocs\TB2-Perpustakaan-PWeb2\public\index.php(37): CodeIgniter\CodeIgniter->run()
#9 C:\xampp\htdocs\TB2-Perpustakaan-PWeb2\vendor\codeigniter4\framework\system\Commands\Server\rewrite.php(43): require_once('C:\\xampp\\htdocs...')
#10 {main}
CRITICAL - 2022-06-11 06:59:40 --> Invalid argument supplied for foreach()
#0 C:\xampp\htdocs\TB2-Perpustakaan-PWeb2\app\Views\pdfListView.php(46): CodeIgniter\Debug\Exceptions->errorHandler(2, 'Invalid argumen...', 'C:\\xampp\\htdocs...', 46, Array)
#1 C:\xampp\htdocs\TB2-Perpustakaan-PWeb2\vendor\codeigniter4\framework\system\View\View.php(210): include('C:\\xampp\\htdocs...')
#2 C:\xampp\htdocs\TB2-Perpustakaan-PWeb2\vendor\codeigniter4\framework\system\View\View.php(213): CodeIgniter\View\View->CodeIgniter\View\{closure}()
#3 C:\xampp\htdocs\TB2-Perpustakaan-PWeb2\vendor\codeigniter4\framework\system\Common.php(1089): CodeIgniter\View\View->render('pdfListView', Array, true)
#4 C:\xampp\htdocs\TB2-Perpustakaan-PWeb2\app\Controllers\CV.php(148): view('pdfListView')
#5 C:\xampp\htdocs\TB2-Perpustakaan-PWeb2\vendor\codeigniter4\framework\system\CodeIgniter.php(832): App\Controllers\CV->exportPDF()
#6 C:\xampp\htdocs\TB2-Perpustakaan-PWeb2\vendor\codeigniter4\framework\system\CodeIgniter.php(419): CodeIgniter\CodeIgniter->runController(Object(App\Controllers\CV))
#7 C:\xampp\htdocs\TB2-Perpustakaan-PWeb2\vendor\codeigniter4\framework\system\CodeIgniter.php(326): CodeIgniter\CodeIgniter->handleRequest(NULL, Object(Config\Cache), false)
#8 C:\xampp\htdocs\TB2-Perpustakaan-PWeb2\public\index.php(37): CodeIgniter\CodeIgniter->run()
#9 C:\xampp\htdocs\TB2-Perpustakaan-PWeb2\vendor\codeigniter4\framework\system\Commands\Server\rewrite.php(43): require_once('C:\\xampp\\htdocs...')
#10 {main}
