CRITICAL - 2022-06-01 04:17:09 --> Invalid file: CvView.php
#0 C:\xampp\htdocs\TB1-Perpustakaan-PWeb2\vendor\codeigniter4\framework\system\View\View.php(198): CodeIgniter\Exceptions\FrameworkException::forInvalidFile('CvView.php')
#1 C:\xampp\htdocs\TB1-Perpustakaan-PWeb2\vendor\codeigniter4\framework\system\Common.php(1089): CodeIgniter\View\View->render('CvView', Array, true)
#2 C:\xampp\htdocs\TB1-Perpustakaan-PWeb2\app\Controllers\CV.php(17): view('CvView', Array)
#3 C:\xampp\htdocs\TB1-Perpustakaan-PWeb2\vendor\codeigniter4\framework\system\CodeIgniter.php(832): App\Controllers\CV->index()
#4 C:\xampp\htdocs\TB1-Perpustakaan-PWeb2\vendor\codeigniter4\framework\system\CodeIgniter.php(419): CodeIgniter\CodeIgniter->runController(Object(App\Controllers\CV))
#5 C:\xampp\htdocs\TB1-Perpustakaan-PWeb2\vendor\codeigniter4\framework\system\CodeIgniter.php(326): CodeIgniter\CodeIgniter->handleRequest(NULL, Object(Config\Cache), false)
#6 C:\xampp\htdocs\TB1-Perpustakaan-PWeb2\public\index.php(37): CodeIgniter\CodeIgniter->run()
#7 C:\xampp\htdocs\TB1-Perpustakaan-PWeb2\vendor\codeigniter4\framework\system\Commands\Server\rewrite.php(43): require_once('C:\\xampp\\htdocs...')
#8 {main}
CRITICAL - 2022-06-01 04:23:13 --> syntax error, unexpected ']', expecting identifier (T_STRING) or variable (T_VARIABLE) or '{' or '$'
#0 C:\xampp\htdocs\TB1-Perpustakaan-PWeb2\vendor\codeigniter4\framework\system\Router\Router.php(175): CodeIgniter\Router\Router->autoRoute('cv')
#1 C:\xampp\htdocs\TB1-Perpustakaan-PWeb2\vendor\codeigniter4\framework\system\CodeIgniter.php(726): CodeIgniter\Router\Router->handle('cv')
#2 C:\xampp\htdocs\TB1-Perpustakaan-PWeb2\vendor\codeigniter4\framework\system\CodeIgniter.php(368): CodeIgniter\CodeIgniter->tryToRouteIt(Object(CodeIgniter\Router\RouteCollection))
#3 C:\xampp\htdocs\TB1-Perpustakaan-PWeb2\vendor\codeigniter4\framework\system\CodeIgniter.php(326): CodeIgniter\CodeIgniter->handleRequest(NULL, Object(Config\Cache), false)
#4 C:\xampp\htdocs\TB1-Perpustakaan-PWeb2\public\index.php(37): CodeIgniter\CodeIgniter->run()
#5 C:\xampp\htdocs\TB1-Perpustakaan-PWeb2\vendor\codeigniter4\framework\system\Commands\Server\rewrite.php(43): require_once('C:\\xampp\\htdocs...')
#6 {main}
CRITICAL - 2022-06-01 04:24:27 --> syntax error, unexpected '}', expecting ']'
#0 C:\xampp\htdocs\TB1-Perpustakaan-PWeb2\vendor\codeigniter4\framework\system\Router\Router.php(175): CodeIgniter\Router\Router->autoRoute('cv')
#1 C:\xampp\htdocs\TB1-Perpustakaan-PWeb2\vendor\codeigniter4\framework\system\CodeIgniter.php(726): CodeIgniter\Router\Router->handle('cv')
#2 C:\xampp\htdocs\TB1-Perpustakaan-PWeb2\vendor\codeigniter4\framework\system\CodeIgniter.php(368): CodeIgniter\CodeIgniter->tryToRouteIt(Object(CodeIgniter\Router\RouteCollection))
#3 C:\xampp\htdocs\TB1-Perpustakaan-PWeb2\vendor\codeigniter4\framework\system\CodeIgniter.php(326): CodeIgniter\CodeIgniter->handleRequest(NULL, Object(Config\Cache), false)
#4 C:\xampp\htdocs\TB1-Perpustakaan-PWeb2\public\index.php(37): CodeIgniter\CodeIgniter->run()
#5 C:\xampp\htdocs\TB1-Perpustakaan-PWeb2\vendor\codeigniter4\framework\system\Commands\Server\rewrite.php(43): require_once('C:\\xampp\\htdocs...')
#6 {main}
CRITICAL - 2022-06-01 04:24:28 --> syntax error, unexpected '}', expecting ']'
#0 C:\xampp\htdocs\TB1-Perpustakaan-PWeb2\vendor\codeigniter4\framework\system\Router\Router.php(175): CodeIgniter\Router\Router->autoRoute('cv')
#1 C:\xampp\htdocs\TB1-Perpustakaan-PWeb2\vendor\codeigniter4\framework\system\CodeIgniter.php(726): CodeIgniter\Router\Router->handle('cv')
#2 C:\xampp\htdocs\TB1-Perpustakaan-PWeb2\vendor\codeigniter4\framework\system\CodeIgniter.php(368): CodeIgniter\CodeIgniter->tryToRouteIt(Object(CodeIgniter\Router\RouteCollection))
#3 C:\xampp\htdocs\TB1-Perpustakaan-PWeb2\vendor\codeigniter4\framework\system\CodeIgniter.php(326): CodeIgniter\CodeIgniter->handleRequest(NULL, Object(Config\Cache), false)
#4 C:\xampp\htdocs\TB1-Perpustakaan-PWeb2\public\index.php(37): CodeIgniter\CodeIgniter->run()
#5 C:\xampp\htdocs\TB1-Perpustakaan-PWeb2\vendor\codeigniter4\framework\system\Commands\Server\rewrite.php(43): require_once('C:\\xampp\\htdocs...')
#6 {main}
CRITICAL - 2022-06-01 04:27:28 --> syntax error, unexpected '}', expecting ']'
#0 C:\xampp\htdocs\TB1-Perpustakaan-PWeb2\vendor\codeigniter4\framework\system\Router\Router.php(175): CodeIgniter\Router\Router->autoRoute('cv')
#1 C:\xampp\htdocs\TB1-Perpustakaan-PWeb2\vendor\codeigniter4\framework\system\CodeIgniter.php(726): CodeIgniter\Router\Router->handle('cv')
#2 C:\xampp\htdocs\TB1-Perpustakaan-PWeb2\vendor\codeigniter4\framework\system\CodeIgniter.php(368): CodeIgniter\CodeIgniter->tryToRouteIt(Object(CodeIgniter\Router\RouteCollection))
#3 C:\xampp\htdocs\TB1-Perpustakaan-PWeb2\vendor\codeigniter4\framework\system\CodeIgniter.php(326): CodeIgniter\CodeIgniter->handleRequest(NULL, Object(Config\Cache), false)
#4 C:\xampp\htdocs\TB1-Perpustakaan-PWeb2\public\index.php(37): CodeIgniter\CodeIgniter->run()
#5 C:\xampp\htdocs\TB1-Perpustakaan-PWeb2\vendor\codeigniter4\framework\system\Commands\Server\rewrite.php(43): require_once('C:\\xampp\\htdocs...')
#6 {main}
CRITICAL - 2022-06-01 07:02:45 --> Invalid file: Detailcv.php
#0 C:\xampp\htdocs\TB2-Perpustakaan-PWeb2\vendor\codeigniter4\framework\system\View\View.php(198): CodeIgniter\Exceptions\FrameworkException::forInvalidFile('Detailcv.php')
#1 C:\xampp\htdocs\TB2-Perpustakaan-PWeb2\vendor\codeigniter4\framework\system\Common.php(1089): CodeIgniter\View\View->render('Detailcv', Array, true)
#2 C:\xampp\htdocs\TB2-Perpustakaan-PWeb2\app\Controllers\CV.php(99): view('Detailcv', Array)
#3 C:\xampp\htdocs\TB2-Perpustakaan-PWeb2\vendor\codeigniter4\framework\system\CodeIgniter.php(832): App\Controllers\CV->detail('1')
#4 C:\xampp\htdocs\TB2-Perpustakaan-PWeb2\vendor\codeigniter4\framework\system\CodeIgniter.php(419): CodeIgniter\CodeIgniter->runController(Object(App\Controllers\CV))
#5 C:\xampp\htdocs\TB2-Perpustakaan-PWeb2\vendor\codeigniter4\framework\system\CodeIgniter.php(326): CodeIgniter\CodeIgniter->handleRequest(NULL, Object(Config\Cache), false)
#6 C:\xampp\htdocs\TB2-Perpustakaan-PWeb2\public\index.php(37): CodeIgniter\CodeIgniter->run()
#7 C:\xampp\htdocs\TB2-Perpustakaan-PWeb2\vendor\codeigniter4\framework\system\Commands\Server\rewrite.php(43): require_once('C:\\xampp\\htdocs...')
#8 {main}
CRITICAL - 2022-06-01 07:03:23 --> Invalid file: Detailcv.php
#0 C:\xampp\htdocs\TB2-Perpustakaan-PWeb2\vendor\codeigniter4\framework\system\View\View.php(198): CodeIgniter\Exceptions\FrameworkException::forInvalidFile('Detailcv.php')
#1 C:\xampp\htdocs\TB2-Perpustakaan-PWeb2\vendor\codeigniter4\framework\system\Common.php(1089): CodeIgniter\View\View->render('Detailcv', Array, true)
#2 C:\xampp\htdocs\TB2-Perpustakaan-PWeb2\app\Controllers\CV.php(99): view('Detailcv', Array)
#3 C:\xampp\htdocs\TB2-Perpustakaan-PWeb2\vendor\codeigniter4\framework\system\CodeIgniter.php(832): App\Controllers\CV->Detail('1')
#4 C:\xampp\htdocs\TB2-Perpustakaan-PWeb2\vendor\codeigniter4\framework\system\CodeIgniter.php(419): CodeIgniter\CodeIgniter->runController(Object(App\Controllers\CV))
#5 C:\xampp\htdocs\TB2-Perpustakaan-PWeb2\vendor\codeigniter4\framework\system\CodeIgniter.php(326): CodeIgniter\CodeIgniter->handleRequest(NULL, Object(Config\Cache), false)
#6 C:\xampp\htdocs\TB2-Perpustakaan-PWeb2\public\index.php(37): CodeIgniter\CodeIgniter->run()
#7 C:\xampp\htdocs\TB2-Perpustakaan-PWeb2\vendor\codeigniter4\framework\system\Commands\Server\rewrite.php(43): require_once('C:\\xampp\\htdocs...')
#8 {main}
CRITICAL - 2022-06-01 07:04:20 --> Invalid file: Detailcv.php
#0 C:\xampp\htdocs\TB2-Perpustakaan-PWeb2\vendor\codeigniter4\framework\system\View\View.php(198): CodeIgniter\Exceptions\FrameworkException::forInvalidFile('Detailcv.php')
#1 C:\xampp\htdocs\TB2-Perpustakaan-PWeb2\vendor\codeigniter4\framework\system\Common.php(1089): CodeIgniter\View\View->render('Detailcv', Array, true)
#2 C:\xampp\htdocs\TB2-Perpustakaan-PWeb2\app\Controllers\CV.php(99): view('Detailcv', Array)
#3 C:\xampp\htdocs\TB2-Perpustakaan-PWeb2\vendor\codeigniter4\framework\system\CodeIgniter.php(832): App\Controllers\CV->DetailCv('1')
#4 C:\xampp\htdocs\TB2-Perpustakaan-PWeb2\vendor\codeigniter4\framework\system\CodeIgniter.php(419): CodeIgniter\CodeIgniter->runController(Object(App\Controllers\CV))
#5 C:\xampp\htdocs\TB2-Perpustakaan-PWeb2\vendor\codeigniter4\framework\system\CodeIgniter.php(326): CodeIgniter\CodeIgniter->handleRequest(NULL, Object(Config\Cache), false)
#6 C:\xampp\htdocs\TB2-Perpustakaan-PWeb2\public\index.php(37): CodeIgniter\CodeIgniter->run()
#7 C:\xampp\htdocs\TB2-Perpustakaan-PWeb2\vendor\codeigniter4\framework\system\Commands\Server\rewrite.php(43): require_once('C:\\xampp\\htdocs...')
#8 {main}
CRITICAL - 2022-06-01 07:04:55 --> Invalid file: Detailcv.php
#0 C:\xampp\htdocs\TB2-Perpustakaan-PWeb2\vendor\codeigniter4\framework\system\View\View.php(198): CodeIgniter\Exceptions\FrameworkException::forInvalidFile('Detailcv.php')
#1 C:\xampp\htdocs\TB2-Perpustakaan-PWeb2\vendor\codeigniter4\framework\system\Common.php(1089): CodeIgniter\View\View->render('Detailcv', Array, true)
#2 C:\xampp\htdocs\TB2-Perpustakaan-PWeb2\app\Controllers\CV.php(99): view('Detailcv', Array)
#3 C:\xampp\htdocs\TB2-Perpustakaan-PWeb2\vendor\codeigniter4\framework\system\CodeIgniter.php(832): App\Controllers\CV->DetailCv('1')
#4 C:\xampp\htdocs\TB2-Perpustakaan-PWeb2\vendor\codeigniter4\framework\system\CodeIgniter.php(419): CodeIgniter\CodeIgniter->runController(Object(App\Controllers\CV))
#5 C:\xampp\htdocs\TB2-Perpustakaan-PWeb2\vendor\codeigniter4\framework\system\CodeIgniter.php(326): CodeIgniter\CodeIgniter->handleRequest(NULL, Object(Config\Cache), false)
#6 C:\xampp\htdocs\TB2-Perpustakaan-PWeb2\public\index.php(37): CodeIgniter\CodeIgniter->run()
#7 C:\xampp\htdocs\TB2-Perpustakaan-PWeb2\vendor\codeigniter4\framework\system\Commands\Server\rewrite.php(43): require_once('C:\\xampp\\htdocs...')
#8 {main}
CRITICAL - 2022-06-01 07:05:16 --> Invalid file: Detailcv.php
#0 C:\xampp\htdocs\TB2-Perpustakaan-PWeb2\vendor\codeigniter4\framework\system\View\View.php(198): CodeIgniter\Exceptions\FrameworkException::forInvalidFile('Detailcv.php')
#1 C:\xampp\htdocs\TB2-Perpustakaan-PWeb2\vendor\codeigniter4\framework\system\Common.php(1089): CodeIgniter\View\View->render('Detailcv', Array, true)
#2 C:\xampp\htdocs\TB2-Perpustakaan-PWeb2\app\Controllers\CV.php(99): view('Detailcv', Array)
#3 C:\xampp\htdocs\TB2-Perpustakaan-PWeb2\vendor\codeigniter4\framework\system\CodeIgniter.php(832): App\Controllers\CV->DetailCv('1')
#4 C:\xampp\htdocs\TB2-Perpustakaan-PWeb2\vendor\codeigniter4\framework\system\CodeIgniter.php(419): CodeIgniter\CodeIgniter->runController(Object(App\Controllers\CV))
#5 C:\xampp\htdocs\TB2-Perpustakaan-PWeb2\vendor\codeigniter4\framework\system\CodeIgniter.php(326): CodeIgniter\CodeIgniter->handleRequest(NULL, Object(Config\Cache), false)
#6 C:\xampp\htdocs\TB2-Perpustakaan-PWeb2\public\index.php(37): CodeIgniter\CodeIgniter->run()
#7 C:\xampp\htdocs\TB2-Perpustakaan-PWeb2\vendor\codeigniter4\framework\system\Commands\Server\rewrite.php(43): require_once('C:\\xampp\\htdocs...')
#8 {main}
CRITICAL - 2022-06-01 07:07:58 --> Invalid file: Detailcv.php
#0 C:\xampp\htdocs\TB2-Perpustakaan-PWeb2\vendor\codeigniter4\framework\system\View\View.php(198): CodeIgniter\Exceptions\FrameworkException::forInvalidFile('Detailcv.php')
#1 C:\xampp\htdocs\TB2-Perpustakaan-PWeb2\vendor\codeigniter4\framework\system\Common.php(1089): CodeIgniter\View\View->render('Detailcv', Array, true)
#2 C:\xampp\htdocs\TB2-Perpustakaan-PWeb2\app\Controllers\CV.php(99): view('Detailcv', Array)
#3 C:\xampp\htdocs\TB2-Perpustakaan-PWeb2\vendor\codeigniter4\framework\system\CodeIgniter.php(832): App\Controllers\CV->DetailCv('1')
#4 C:\xampp\htdocs\TB2-Perpustakaan-PWeb2\vendor\codeigniter4\framework\system\CodeIgniter.php(419): CodeIgniter\CodeIgniter->runController(Object(App\Controllers\CV))
#5 C:\xampp\htdocs\TB2-Perpustakaan-PWeb2\vendor\codeigniter4\framework\system\CodeIgniter.php(326): CodeIgniter\CodeIgniter->handleRequest(NULL, Object(Config\Cache), false)
#6 C:\xampp\htdocs\TB2-Perpustakaan-PWeb2\public\index.php(37): CodeIgniter\CodeIgniter->run()
#7 C:\xampp\htdocs\TB2-Perpustakaan-PWeb2\vendor\codeigniter4\framework\system\Commands\Server\rewrite.php(43): require_once('C:\\xampp\\htdocs...')
#8 {main}
CRITICAL - 2022-06-01 07:08:09 --> Invalid file: DetailCv.php
#0 C:\xampp\htdocs\TB2-Perpustakaan-PWeb2\vendor\codeigniter4\framework\system\View\View.php(198): CodeIgniter\Exceptions\FrameworkException::forInvalidFile('DetailCv.php')
#1 C:\xampp\htdocs\TB2-Perpustakaan-PWeb2\vendor\codeigniter4\framework\system\Common.php(1089): CodeIgniter\View\View->render('DetailCv', Array, true)
#2 C:\xampp\htdocs\TB2-Perpustakaan-PWeb2\app\Controllers\CV.php(99): view('DetailCv', Array)
#3 C:\xampp\htdocs\TB2-Perpustakaan-PWeb2\vendor\codeigniter4\framework\system\CodeIgniter.php(832): App\Controllers\CV->DetailCv('1')
#4 C:\xampp\htdocs\TB2-Perpustakaan-PWeb2\vendor\codeigniter4\framework\system\CodeIgniter.php(419): CodeIgniter\CodeIgniter->runController(Object(App\Controllers\CV))
#5 C:\xampp\htdocs\TB2-Perpustakaan-PWeb2\vendor\codeigniter4\framework\system\CodeIgniter.php(326): CodeIgniter\CodeIgniter->handleRequest(NULL, Object(Config\Cache), false)
#6 C:\xampp\htdocs\TB2-Perpustakaan-PWeb2\public\index.php(37): CodeIgniter\CodeIgniter->run()
#7 C:\xampp\htdocs\TB2-Perpustakaan-PWeb2\vendor\codeigniter4\framework\system\Commands\Server\rewrite.php(43): require_once('C:\\xampp\\htdocs...')
#8 {main}
CRITICAL - 2022-06-01 07:08:11 --> Invalid file: DetailCv.php
#0 C:\xampp\htdocs\TB2-Perpustakaan-PWeb2\vendor\codeigniter4\framework\system\View\View.php(198): CodeIgniter\Exceptions\FrameworkException::forInvalidFile('DetailCv.php')
#1 C:\xampp\htdocs\TB2-Perpustakaan-PWeb2\vendor\codeigniter4\framework\system\Common.php(1089): CodeIgniter\View\View->render('DetailCv', Array, true)
#2 C:\xampp\htdocs\TB2-Perpustakaan-PWeb2\app\Controllers\CV.php(99): view('DetailCv', Array)
#3 C:\xampp\htdocs\TB2-Perpustakaan-PWeb2\vendor\codeigniter4\framework\system\CodeIgniter.php(832): App\Controllers\CV->DetailCv('1')
#4 C:\xampp\htdocs\TB2-Perpustakaan-PWeb2\vendor\codeigniter4\framework\system\CodeIgniter.php(419): CodeIgniter\CodeIgniter->runController(Object(App\Controllers\CV))
#5 C:\xampp\htdocs\TB2-Perpustakaan-PWeb2\vendor\codeigniter4\framework\system\CodeIgniter.php(326): CodeIgniter\CodeIgniter->handleRequest(NULL, Object(Config\Cache), false)
#6 C:\xampp\htdocs\TB2-Perpustakaan-PWeb2\public\index.php(37): CodeIgniter\CodeIgniter->run()
#7 C:\xampp\htdocs\TB2-Perpustakaan-PWeb2\vendor\codeigniter4\framework\system\Commands\Server\rewrite.php(43): require_once('C:\\xampp\\htdocs...')
#8 {main}
CRITICAL - 2022-06-01 07:09:17 --> Invalid file: DetailCv.php
#0 C:\xampp\htdocs\TB2-Perpustakaan-PWeb2\vendor\codeigniter4\framework\system\View\View.php(198): CodeIgniter\Exceptions\FrameworkException::forInvalidFile('DetailCv.php')
#1 C:\xampp\htdocs\TB2-Perpustakaan-PWeb2\vendor\codeigniter4\framework\system\Common.php(1089): CodeIgniter\View\View->render('DetailCv', Array, true)
#2 C:\xampp\htdocs\TB2-Perpustakaan-PWeb2\app\Controllers\CV.php(99): view('DetailCv', Array)
#3 C:\xampp\htdocs\TB2-Perpustakaan-PWeb2\vendor\codeigniter4\framework\system\CodeIgniter.php(832): App\Controllers\CV->DetailCv('1')
#4 C:\xampp\htdocs\TB2-Perpustakaan-PWeb2\vendor\codeigniter4\framework\system\CodeIgniter.php(419): CodeIgniter\CodeIgniter->runController(Object(App\Controllers\CV))
#5 C:\xampp\htdocs\TB2-Perpustakaan-PWeb2\vendor\codeigniter4\framework\system\CodeIgniter.php(326): CodeIgniter\CodeIgniter->handleRequest(NULL, Object(Config\Cache), false)
#6 C:\xampp\htdocs\TB2-Perpustakaan-PWeb2\public\index.php(37): CodeIgniter\CodeIgniter->run()
#7 C:\xampp\htdocs\TB2-Perpustakaan-PWeb2\vendor\codeigniter4\framework\system\Commands\Server\rewrite.php(43): require_once('C:\\xampp\\htdocs...')
#8 {main}
CRITICAL - 2022-06-01 07:09:18 --> Invalid file: DetailCv.php
#0 C:\xampp\htdocs\TB2-Perpustakaan-PWeb2\vendor\codeigniter4\framework\system\View\View.php(198): CodeIgniter\Exceptions\FrameworkException::forInvalidFile('DetailCv.php')
#1 C:\xampp\htdocs\TB2-Perpustakaan-PWeb2\vendor\codeigniter4\framework\system\Common.php(1089): CodeIgniter\View\View->render('DetailCv', Array, true)
#2 C:\xampp\htdocs\TB2-Perpustakaan-PWeb2\app\Controllers\CV.php(99): view('DetailCv', Array)
#3 C:\xampp\htdocs\TB2-Perpustakaan-PWeb2\vendor\codeigniter4\framework\system\CodeIgniter.php(832): App\Controllers\CV->DetailCv('1')
#4 C:\xampp\htdocs\TB2-Perpustakaan-PWeb2\vendor\codeigniter4\framework\system\CodeIgniter.php(419): CodeIgniter\CodeIgniter->runController(Object(App\Controllers\CV))
#5 C:\xampp\htdocs\TB2-Perpustakaan-PWeb2\vendor\codeigniter4\framework\system\CodeIgniter.php(326): CodeIgniter\CodeIgniter->handleRequest(NULL, Object(Config\Cache), false)
#6 C:\xampp\htdocs\TB2-Perpustakaan-PWeb2\public\index.php(37): CodeIgniter\CodeIgniter->run()
#7 C:\xampp\htdocs\TB2-Perpustakaan-PWeb2\vendor\codeigniter4\framework\system\Commands\Server\rewrite.php(43): require_once('C:\\xampp\\htdocs...')
#8 {main}
CRITICAL - 2022-06-01 07:09:20 --> Invalid file: DetailCv.php
#0 C:\xampp\htdocs\TB2-Perpustakaan-PWeb2\vendor\codeigniter4\framework\system\View\View.php(198): CodeIgniter\Exceptions\FrameworkException::forInvalidFile('DetailCv.php')
#1 C:\xampp\htdocs\TB2-Perpustakaan-PWeb2\vendor\codeigniter4\framework\system\Common.php(1089): CodeIgniter\View\View->render('DetailCv', Array, true)
#2 C:\xampp\htdocs\TB2-Perpustakaan-PWeb2\app\Controllers\CV.php(99): view('DetailCv', Array)
#3 C:\xampp\htdocs\TB2-Perpustakaan-PWeb2\vendor\codeigniter4\framework\system\CodeIgniter.php(832): App\Controllers\CV->DetailCv('1')
#4 C:\xampp\htdocs\TB2-Perpustakaan-PWeb2\vendor\codeigniter4\framework\system\CodeIgniter.php(419): CodeIgniter\CodeIgniter->runController(Object(App\Controllers\CV))
#5 C:\xampp\htdocs\TB2-Perpustakaan-PWeb2\vendor\codeigniter4\framework\system\CodeIgniter.php(326): CodeIgniter\CodeIgniter->handleRequest(NULL, Object(Config\Cache), false)
#6 C:\xampp\htdocs\TB2-Perpustakaan-PWeb2\public\index.php(37): CodeIgniter\CodeIgniter->run()
#7 C:\xampp\htdocs\TB2-Perpustakaan-PWeb2\vendor\codeigniter4\framework\system\Commands\Server\rewrite.php(43): require_once('C:\\xampp\\htdocs...')
#8 {main}
CRITICAL - 2022-06-01 07:09:46 --> Invalid file: DetailCv.php
#0 C:\xampp\htdocs\TB2-Perpustakaan-PWeb2\vendor\codeigniter4\framework\system\View\View.php(198): CodeIgniter\Exceptions\FrameworkException::forInvalidFile('DetailCv.php')
#1 C:\xampp\htdocs\TB2-Perpustakaan-PWeb2\vendor\codeigniter4\framework\system\Common.php(1089): CodeIgniter\View\View->render('DetailCv', Array, true)
#2 C:\xampp\htdocs\TB2-Perpustakaan-PWeb2\app\Controllers\CV.php(99): view('DetailCv', Array)
#3 C:\xampp\htdocs\TB2-Perpustakaan-PWeb2\vendor\codeigniter4\framework\system\CodeIgniter.php(832): App\Controllers\CV->DetailCv('1')
#4 C:\xampp\htdocs\TB2-Perpustakaan-PWeb2\vendor\codeigniter4\framework\system\CodeIgniter.php(419): CodeIgniter\CodeIgniter->runController(Object(App\Controllers\CV))
#5 C:\xampp\htdocs\TB2-Perpustakaan-PWeb2\vendor\codeigniter4\framework\system\CodeIgniter.php(326): CodeIgniter\CodeIgniter->handleRequest(NULL, Object(Config\Cache), false)
#6 C:\xampp\htdocs\TB2-Perpustakaan-PWeb2\public\index.php(37): CodeIgniter\CodeIgniter->run()
#7 C:\xampp\htdocs\TB2-Perpustakaan-PWeb2\vendor\codeigniter4\framework\system\Commands\Server\rewrite.php(43): require_once('C:\\xampp\\htdocs...')
#8 {main}
CRITICAL - 2022-06-01 07:10:01 --> Invalid file: DetailCv.php
#0 C:\xampp\htdocs\TB2-Perpustakaan-PWeb2\vendor\codeigniter4\framework\system\View\View.php(198): CodeIgniter\Exceptions\FrameworkException::forInvalidFile('DetailCv.php')
#1 C:\xampp\htdocs\TB2-Perpustakaan-PWeb2\vendor\codeigniter4\framework\system\Common.php(1089): CodeIgniter\View\View->render('DetailCv', Array, true)
#2 C:\xampp\htdocs\TB2-Perpustakaan-PWeb2\app\Controllers\CV.php(99): view('DetailCv', Array)
#3 C:\xampp\htdocs\TB2-Perpustakaan-PWeb2\vendor\codeigniter4\framework\system\CodeIgniter.php(832): App\Controllers\CV->DetailCv('1')
#4 C:\xampp\htdocs\TB2-Perpustakaan-PWeb2\vendor\codeigniter4\framework\system\CodeIgniter.php(419): CodeIgniter\CodeIgniter->runController(Object(App\Controllers\CV))
#5 C:\xampp\htdocs\TB2-Perpustakaan-PWeb2\vendor\codeigniter4\framework\system\CodeIgniter.php(326): CodeIgniter\CodeIgniter->handleRequest(NULL, Object(Config\Cache), false)
#6 C:\xampp\htdocs\TB2-Perpustakaan-PWeb2\public\index.php(37): CodeIgniter\CodeIgniter->run()
#7 C:\xampp\htdocs\TB2-Perpustakaan-PWeb2\vendor\codeigniter4\framework\system\Commands\Server\rewrite.php(43): require_once('C:\\xampp\\htdocs...')
#8 {main}
CRITICAL - 2022-06-01 07:13:13 --> Invalid file: DetailCv.php
#0 C:\xampp\htdocs\TB2-Perpustakaan-PWeb2\vendor\codeigniter4\framework\system\View\View.php(198): CodeIgniter\Exceptions\FrameworkException::forInvalidFile('DetailCv.php')
#1 C:\xampp\htdocs\TB2-Perpustakaan-PWeb2\vendor\codeigniter4\framework\system\Common.php(1089): CodeIgniter\View\View->render('DetailCv', Array, true)
#2 C:\xampp\htdocs\TB2-Perpustakaan-PWeb2\app\Controllers\CV.php(99): view('DetailCv', Array)
#3 C:\xampp\htdocs\TB2-Perpustakaan-PWeb2\vendor\codeigniter4\framework\system\CodeIgniter.php(832): App\Controllers\CV->DetailCv('1')
#4 C:\xampp\htdocs\TB2-Perpustakaan-PWeb2\vendor\codeigniter4\framework\system\CodeIgniter.php(419): CodeIgniter\CodeIgniter->runController(Object(App\Controllers\CV))
#5 C:\xampp\htdocs\TB2-Perpustakaan-PWeb2\vendor\codeigniter4\framework\system\CodeIgniter.php(326): CodeIgniter\CodeIgniter->handleRequest(NULL, Object(Config\Cache), false)
#6 C:\xampp\htdocs\TB2-Perpustakaan-PWeb2\public\index.php(37): CodeIgniter\CodeIgniter->run()
#7 C:\xampp\htdocs\TB2-Perpustakaan-PWeb2\vendor\codeigniter4\framework\system\Commands\Server\rewrite.php(43): require_once('C:\\xampp\\htdocs...')
#8 {main}
CRITICAL - 2022-06-01 07:13:53 --> Invalid argument supplied for foreach()
#0 C:\xampp\htdocs\TB2-Perpustakaan-PWeb2\app\Views\DetailCv.php(178): CodeIgniter\Debug\Exceptions->errorHandler(2, 'Invalid argumen...', 'C:\\xampp\\htdocs...', 178, Array)
#1 C:\xampp\htdocs\TB2-Perpustakaan-PWeb2\vendor\codeigniter4\framework\system\View\View.php(210): include('C:\\xampp\\htdocs...')
#2 C:\xampp\htdocs\TB2-Perpustakaan-PWeb2\vendor\codeigniter4\framework\system\View\View.php(213): CodeIgniter\View\View->CodeIgniter\View\{closure}()
#3 C:\xampp\htdocs\TB2-Perpustakaan-PWeb2\vendor\codeigniter4\framework\system\Common.php(1089): CodeIgniter\View\View->render('DetailCv', Array, true)
#4 C:\xampp\htdocs\TB2-Perpustakaan-PWeb2\app\Controllers\CV.php(99): view('DetailCv', Array)
#5 C:\xampp\htdocs\TB2-Perpustakaan-PWeb2\vendor\codeigniter4\framework\system\CodeIgniter.php(832): App\Controllers\CV->DetailCv('1')
#6 C:\xampp\htdocs\TB2-Perpustakaan-PWeb2\vendor\codeigniter4\framework\system\CodeIgniter.php(419): CodeIgniter\CodeIgniter->runController(Object(App\Controllers\CV))
#7 C:\xampp\htdocs\TB2-Perpustakaan-PWeb2\vendor\codeigniter4\framework\system\CodeIgniter.php(326): CodeIgniter\CodeIgniter->handleRequest(NULL, Object(Config\Cache), false)
#8 C:\xampp\htdocs\TB2-Perpustakaan-PWeb2\public\index.php(37): CodeIgniter\CodeIgniter->run()
#9 C:\xampp\htdocs\TB2-Perpustakaan-PWeb2\vendor\codeigniter4\framework\system\Commands\Server\rewrite.php(43): require_once('C:\\xampp\\htdocs...')
#10 {main}
