CRITICAL - 2022-06-07 00:00:07 --> Cannot use object of type stdClass as array
#0 C:\xampp\htdocs\TB2-Perpustakaan-PWeb2\vendor\codeigniter4\framework\system\CodeIgniter.php(832): App\Controllers\CV->exportExcel('1')
#1 C:\xampp\htdocs\TB2-Perpustakaan-PWeb2\vendor\codeigniter4\framework\system\CodeIgniter.php(419): CodeIgniter\CodeIgniter->runController(Object(App\Controllers\CV))
#2 C:\xampp\htdocs\TB2-Perpustakaan-PWeb2\vendor\codeigniter4\framework\system\CodeIgniter.php(326): CodeIgniter\CodeIgniter->handleRequest(NULL, Object(Config\Cache), false)
#3 C:\xampp\htdocs\TB2-Perpustakaan-PWeb2\public\index.php(37): CodeIgniter\CodeIgniter->run()
#4 C:\xampp\htdocs\TB2-Perpustakaan-PWeb2\vendor\codeigniter4\framework\system\Commands\Server\rewrite.php(43): require_once('C:\\xampp\\htdocs...')
#5 {main}
CRITICAL - 2022-06-07 00:00:52 --> Cannot use object of type stdClass as array
#0 C:\xampp\htdocs\TB2-Perpustakaan-PWeb2\vendor\codeigniter4\framework\system\CodeIgniter.php(832): App\Controllers\CV->exportExcel('1')
#1 C:\xampp\htdocs\TB2-Perpustakaan-PWeb2\vendor\codeigniter4\framework\system\CodeIgniter.php(419): CodeIgniter\CodeIgniter->runController(Object(App\Controllers\CV))
#2 C:\xampp\htdocs\TB2-Perpustakaan-PWeb2\vendor\codeigniter4\framework\system\CodeIgniter.php(326): CodeIgniter\CodeIgniter->handleRequest(NULL, Object(Config\Cache), false)
#3 C:\xampp\htdocs\TB2-Perpustakaan-PWeb2\public\index.php(37): CodeIgniter\CodeIgniter->run()
#4 C:\xampp\htdocs\TB2-Perpustakaan-PWeb2\vendor\codeigniter4\framework\system\Commands\Server\rewrite.php(43): require_once('C:\\xampp\\htdocs...')
#5 {main}
CRITICAL - 2022-06-07 00:01:22 --> preg_match() expects parameter 2 to be string, array given
#0 [internal function]: CodeIgniter\Debug\Exceptions->errorHandler(2, 'preg_match() ex...', 'C:\\xampp\\htdocs...', 63, Array)
#1 C:\xampp\htdocs\TB2-Perpustakaan-PWeb2\vendor\phpoffice\phpspreadsheet\src\PhpSpreadsheet\Cell\DefaultValueBinder.php(63): preg_match('/^[\\+\\-]?(\\d+\\....', Array)
#2 C:\xampp\htdocs\TB2-Perpustakaan-PWeb2\vendor\phpoffice\phpspreadsheet\src\PhpSpreadsheet\Cell\DefaultValueBinder.php(35): PhpOffice\PhpSpreadsheet\Cell\DefaultValueBinder::dataTypeForValue(Array)
#3 C:\xampp\htdocs\TB2-Perpustakaan-PWeb2\vendor\phpoffice\phpspreadsheet\src\PhpSpreadsheet\Cell\Cell.php(193): PhpOffice\PhpSpreadsheet\Cell\DefaultValueBinder->bindValue(Object(PhpOffice\PhpSpreadsheet\Cell\Cell), Array)
#4 C:\xampp\htdocs\TB2-Perpustakaan-PWeb2\vendor\phpoffice\phpspreadsheet\src\PhpSpreadsheet\Worksheet\Worksheet.php(1152): PhpOffice\PhpSpreadsheet\Cell\Cell->setValue(Array)
#5 C:\xampp\htdocs\TB2-Perpustakaan-PWeb2\app\Controllers\CV.php(141): PhpOffice\PhpSpreadsheet\Worksheet\Worksheet->setCellValue('A2', Array)
#6 C:\xampp\htdocs\TB2-Perpustakaan-PWeb2\vendor\codeigniter4\framework\system\CodeIgniter.php(832): App\Controllers\CV->exportExcel('1')
#7 C:\xampp\htdocs\TB2-Perpustakaan-PWeb2\vendor\codeigniter4\framework\system\CodeIgniter.php(419): CodeIgniter\CodeIgniter->runController(Object(App\Controllers\CV))
#8 C:\xampp\htdocs\TB2-Perpustakaan-PWeb2\vendor\codeigniter4\framework\system\CodeIgniter.php(326): CodeIgniter\CodeIgniter->handleRequest(NULL, Object(Config\Cache), false)
#9 C:\xampp\htdocs\TB2-Perpustakaan-PWeb2\public\index.php(37): CodeIgniter\CodeIgniter->run()
#10 C:\xampp\htdocs\TB2-Perpustakaan-PWeb2\vendor\codeigniter4\framework\system\Commands\Server\rewrite.php(43): require_once('C:\\xampp\\htdocs...')
#11 {main}
CRITICAL - 2022-06-07 00:01:47 --> Cannot use object of type stdClass as array
#0 C:\xampp\htdocs\TB2-Perpustakaan-PWeb2\vendor\codeigniter4\framework\system\CodeIgniter.php(832): App\Controllers\CV->exportExcel('1')
#1 C:\xampp\htdocs\TB2-Perpustakaan-PWeb2\vendor\codeigniter4\framework\system\CodeIgniter.php(419): CodeIgniter\CodeIgniter->runController(Object(App\Controllers\CV))
#2 C:\xampp\htdocs\TB2-Perpustakaan-PWeb2\vendor\codeigniter4\framework\system\CodeIgniter.php(326): CodeIgniter\CodeIgniter->handleRequest(NULL, Object(Config\Cache), false)
#3 C:\xampp\htdocs\TB2-Perpustakaan-PWeb2\public\index.php(37): CodeIgniter\CodeIgniter->run()
#4 C:\xampp\htdocs\TB2-Perpustakaan-PWeb2\vendor\codeigniter4\framework\system\Commands\Server\rewrite.php(43): require_once('C:\\xampp\\htdocs...')
#5 {main}
CRITICAL - 2022-06-07 00:02:21 --> Cannot use object of type stdClass as array
#0 C:\xampp\htdocs\TB2-Perpustakaan-PWeb2\vendor\codeigniter4\framework\system\CodeIgniter.php(832): App\Controllers\CV->exportExcel('1')
#1 C:\xampp\htdocs\TB2-Perpustakaan-PWeb2\vendor\codeigniter4\framework\system\CodeIgniter.php(419): CodeIgniter\CodeIgniter->runController(Object(App\Controllers\CV))
#2 C:\xampp\htdocs\TB2-Perpustakaan-PWeb2\vendor\codeigniter4\framework\system\CodeIgniter.php(326): CodeIgniter\CodeIgniter->handleRequest(NULL, Object(Config\Cache), false)
#3 C:\xampp\htdocs\TB2-Perpustakaan-PWeb2\public\index.php(37): CodeIgniter\CodeIgniter->run()
#4 C:\xampp\htdocs\TB2-Perpustakaan-PWeb2\vendor\codeigniter4\framework\system\Commands\Server\rewrite.php(43): require_once('C:\\xampp\\htdocs...')
#5 {main}
CRITICAL - 2022-06-07 00:03:13 --> Cannot use object of type stdClass as array
#0 C:\xampp\htdocs\TB2-Perpustakaan-PWeb2\vendor\codeigniter4\framework\system\CodeIgniter.php(832): App\Controllers\CV->exportExcel('1')
#1 C:\xampp\htdocs\TB2-Perpustakaan-PWeb2\vendor\codeigniter4\framework\system\CodeIgniter.php(419): CodeIgniter\CodeIgniter->runController(Object(App\Controllers\CV))
#2 C:\xampp\htdocs\TB2-Perpustakaan-PWeb2\vendor\codeigniter4\framework\system\CodeIgniter.php(326): CodeIgniter\CodeIgniter->handleRequest(NULL, Object(Config\Cache), false)
#3 C:\xampp\htdocs\TB2-Perpustakaan-PWeb2\public\index.php(37): CodeIgniter\CodeIgniter->run()
#4 C:\xampp\htdocs\TB2-Perpustakaan-PWeb2\vendor\codeigniter4\framework\system\Commands\Server\rewrite.php(43): require_once('C:\\xampp\\htdocs...')
#5 {main}
CRITICAL - 2022-06-07 00:03:15 --> Cannot use object of type stdClass as array
#0 C:\xampp\htdocs\TB2-Perpustakaan-PWeb2\vendor\codeigniter4\framework\system\CodeIgniter.php(832): App\Controllers\CV->exportExcel('1')
#1 C:\xampp\htdocs\TB2-Perpustakaan-PWeb2\vendor\codeigniter4\framework\system\CodeIgniter.php(419): CodeIgniter\CodeIgniter->runController(Object(App\Controllers\CV))
#2 C:\xampp\htdocs\TB2-Perpustakaan-PWeb2\vendor\codeigniter4\framework\system\CodeIgniter.php(326): CodeIgniter\CodeIgniter->handleRequest(NULL, Object(Config\Cache), false)
#3 C:\xampp\htdocs\TB2-Perpustakaan-PWeb2\public\index.php(37): CodeIgniter\CodeIgniter->run()
#4 C:\xampp\htdocs\TB2-Perpustakaan-PWeb2\vendor\codeigniter4\framework\system\Commands\Server\rewrite.php(43): require_once('C:\\xampp\\htdocs...')
#5 {main}
CRITICAL - 2022-06-07 00:08:51 --> Too few arguments to function App\Controllers\CV::exportExcel(), 1 passed in C:\xampp\htdocs\TB2-Perpustakaan-PWeb2\vendor\codeigniter4\framework\system\CodeIgniter.php on line 832 and exactly 2 expected
#0 C:\xampp\htdocs\TB2-Perpustakaan-PWeb2\vendor\codeigniter4\framework\system\CodeIgniter.php(832): App\Controllers\CV->exportExcel('1')
#1 C:\xampp\htdocs\TB2-Perpustakaan-PWeb2\vendor\codeigniter4\framework\system\CodeIgniter.php(419): CodeIgniter\CodeIgniter->runController(Object(App\Controllers\CV))
#2 C:\xampp\htdocs\TB2-Perpustakaan-PWeb2\vendor\codeigniter4\framework\system\CodeIgniter.php(326): CodeIgniter\CodeIgniter->handleRequest(NULL, Object(Config\Cache), false)
#3 C:\xampp\htdocs\TB2-Perpustakaan-PWeb2\public\index.php(37): CodeIgniter\CodeIgniter->run()
#4 C:\xampp\htdocs\TB2-Perpustakaan-PWeb2\vendor\codeigniter4\framework\system\Commands\Server\rewrite.php(43): require_once('C:\\xampp\\htdocs...')
#5 {main}
CRITICAL - 2022-06-07 00:09:54 --> Too few arguments to function App\Controllers\CV::exportExcel(), 1 passed in C:\xampp\htdocs\TB2-Perpustakaan-PWeb2\vendor\codeigniter4\framework\system\CodeIgniter.php on line 832 and exactly 2 expected
#0 C:\xampp\htdocs\TB2-Perpustakaan-PWeb2\vendor\codeigniter4\framework\system\CodeIgniter.php(832): App\Controllers\CV->exportExcel('1')
#1 C:\xampp\htdocs\TB2-Perpustakaan-PWeb2\vendor\codeigniter4\framework\system\CodeIgniter.php(419): CodeIgniter\CodeIgniter->runController(Object(App\Controllers\CV))
#2 C:\xampp\htdocs\TB2-Perpustakaan-PWeb2\vendor\codeigniter4\framework\system\CodeIgniter.php(326): CodeIgniter\CodeIgniter->handleRequest(NULL, Object(Config\Cache), false)
#3 C:\xampp\htdocs\TB2-Perpustakaan-PWeb2\public\index.php(37): CodeIgniter\CodeIgniter->run()
#4 C:\xampp\htdocs\TB2-Perpustakaan-PWeb2\vendor\codeigniter4\framework\system\Commands\Server\rewrite.php(43): require_once('C:\\xampp\\htdocs...')
#5 {main}
CRITICAL - 2022-06-07 00:19:26 --> Call to a member function query() on null
#0 C:\xampp\htdocs\TB2-Perpustakaan-PWeb2\vendor\codeigniter4\framework\system\CodeIgniter.php(832): App\Controllers\CV->exportExcel('1')
#1 C:\xampp\htdocs\TB2-Perpustakaan-PWeb2\vendor\codeigniter4\framework\system\CodeIgniter.php(419): CodeIgniter\CodeIgniter->runController(Object(App\Controllers\CV))
#2 C:\xampp\htdocs\TB2-Perpustakaan-PWeb2\vendor\codeigniter4\framework\system\CodeIgniter.php(326): CodeIgniter\CodeIgniter->handleRequest(NULL, Object(Config\Cache), false)
#3 C:\xampp\htdocs\TB2-Perpustakaan-PWeb2\public\index.php(37): CodeIgniter\CodeIgniter->run()
#4 C:\xampp\htdocs\TB2-Perpustakaan-PWeb2\vendor\codeigniter4\framework\system\Commands\Server\rewrite.php(43): require_once('C:\\xampp\\htdocs...')
#5 {main}
CRITICAL - 2022-06-07 00:19:50 --> Call to a member function query() on null
#0 C:\xampp\htdocs\TB2-Perpustakaan-PWeb2\vendor\codeigniter4\framework\system\CodeIgniter.php(832): App\Controllers\CV->exportExcel('1')
#1 C:\xampp\htdocs\TB2-Perpustakaan-PWeb2\vendor\codeigniter4\framework\system\CodeIgniter.php(419): CodeIgniter\CodeIgniter->runController(Object(App\Controllers\CV))
#2 C:\xampp\htdocs\TB2-Perpustakaan-PWeb2\vendor\codeigniter4\framework\system\CodeIgniter.php(326): CodeIgniter\CodeIgniter->handleRequest(NULL, Object(Config\Cache), false)
#3 C:\xampp\htdocs\TB2-Perpustakaan-PWeb2\public\index.php(37): CodeIgniter\CodeIgniter->run()
#4 C:\xampp\htdocs\TB2-Perpustakaan-PWeb2\vendor\codeigniter4\framework\system\Commands\Server\rewrite.php(43): require_once('C:\\xampp\\htdocs...')
#5 {main}
CRITICAL - 2022-06-07 00:24:16 --> Call to a member function query() on null
#0 C:\xampp\htdocs\TB2-Perpustakaan-PWeb2\vendor\codeigniter4\framework\system\CodeIgniter.php(832): App\Controllers\CV->exportExcel('1')
#1 C:\xampp\htdocs\TB2-Perpustakaan-PWeb2\vendor\codeigniter4\framework\system\CodeIgniter.php(419): CodeIgniter\CodeIgniter->runController(Object(App\Controllers\CV))
#2 C:\xampp\htdocs\TB2-Perpustakaan-PWeb2\vendor\codeigniter4\framework\system\CodeIgniter.php(326): CodeIgniter\CodeIgniter->handleRequest(NULL, Object(Config\Cache), false)
#3 C:\xampp\htdocs\TB2-Perpustakaan-PWeb2\public\index.php(37): CodeIgniter\CodeIgniter->run()
#4 C:\xampp\htdocs\TB2-Perpustakaan-PWeb2\vendor\codeigniter4\framework\system\Commands\Server\rewrite.php(43): require_once('C:\\xampp\\htdocs...')
#5 {main}
CRITICAL - 2022-06-07 00:26:08 --> Call to a member function query() on null
#0 C:\xampp\htdocs\TB2-Perpustakaan-PWeb2\vendor\codeigniter4\framework\system\CodeIgniter.php(832): App\Controllers\CV->exportExcel('1')
#1 C:\xampp\htdocs\TB2-Perpustakaan-PWeb2\vendor\codeigniter4\framework\system\CodeIgniter.php(419): CodeIgniter\CodeIgniter->runController(Object(App\Controllers\CV))
#2 C:\xampp\htdocs\TB2-Perpustakaan-PWeb2\vendor\codeigniter4\framework\system\CodeIgniter.php(326): CodeIgniter\CodeIgniter->handleRequest(NULL, Object(Config\Cache), false)
#3 C:\xampp\htdocs\TB2-Perpustakaan-PWeb2\public\index.php(37): CodeIgniter\CodeIgniter->run()
#4 C:\xampp\htdocs\TB2-Perpustakaan-PWeb2\vendor\codeigniter4\framework\system\Commands\Server\rewrite.php(43): require_once('C:\\xampp\\htdocs...')
#5 {main}
CRITICAL - 2022-06-07 03:30:09 --> Too few arguments to function App\Controllers\CV::exportExcel(), 0 passed in C:\xampp\htdocs\TB2-Perpustakaan-PWeb2\vendor\codeigniter4\framework\system\CodeIgniter.php on line 832 and exactly 1 expected
#0 C:\xampp\htdocs\TB2-Perpustakaan-PWeb2\vendor\codeigniter4\framework\system\CodeIgniter.php(832): App\Controllers\CV->exportExcel()
#1 C:\xampp\htdocs\TB2-Perpustakaan-PWeb2\vendor\codeigniter4\framework\system\CodeIgniter.php(419): CodeIgniter\CodeIgniter->runController(Object(App\Controllers\CV))
#2 C:\xampp\htdocs\TB2-Perpustakaan-PWeb2\vendor\codeigniter4\framework\system\CodeIgniter.php(326): CodeIgniter\CodeIgniter->handleRequest(NULL, Object(Config\Cache), false)
#3 C:\xampp\htdocs\TB2-Perpustakaan-PWeb2\public\index.php(37): CodeIgniter\CodeIgniter->run()
#4 C:\xampp\htdocs\TB2-Perpustakaan-PWeb2\vendor\codeigniter4\framework\system\Commands\Server\rewrite.php(43): require_once('C:\\xampp\\htdocs...')
#5 {main}
CRITICAL - 2022-06-07 03:30:19 --> Too few arguments to function App\Controllers\CV::exportExcel(), 0 passed in C:\xampp\htdocs\TB2-Perpustakaan-PWeb2\vendor\codeigniter4\framework\system\CodeIgniter.php on line 832 and exactly 1 expected
#0 C:\xampp\htdocs\TB2-Perpustakaan-PWeb2\vendor\codeigniter4\framework\system\CodeIgniter.php(832): App\Controllers\CV->exportExcel()
#1 C:\xampp\htdocs\TB2-Perpustakaan-PWeb2\vendor\codeigniter4\framework\system\CodeIgniter.php(419): CodeIgniter\CodeIgniter->runController(Object(App\Controllers\CV))
#2 C:\xampp\htdocs\TB2-Perpustakaan-PWeb2\vendor\codeigniter4\framework\system\CodeIgniter.php(326): CodeIgniter\CodeIgniter->handleRequest(NULL, Object(Config\Cache), false)
#3 C:\xampp\htdocs\TB2-Perpustakaan-PWeb2\public\index.php(37): CodeIgniter\CodeIgniter->run()
#4 C:\xampp\htdocs\TB2-Perpustakaan-PWeb2\vendor\codeigniter4\framework\system\Commands\Server\rewrite.php(43): require_once('C:\\xampp\\htdocs...')
#5 {main}
CRITICAL - 2022-06-07 03:30:24 --> Too few arguments to function App\Controllers\CV::exportExcel(), 0 passed in C:\xampp\htdocs\TB2-Perpustakaan-PWeb2\vendor\codeigniter4\framework\system\CodeIgniter.php on line 832 and exactly 1 expected
#0 C:\xampp\htdocs\TB2-Perpustakaan-PWeb2\vendor\codeigniter4\framework\system\CodeIgniter.php(832): App\Controllers\CV->exportExcel()
#1 C:\xampp\htdocs\TB2-Perpustakaan-PWeb2\vendor\codeigniter4\framework\system\CodeIgniter.php(419): CodeIgniter\CodeIgniter->runController(Object(App\Controllers\CV))
#2 C:\xampp\htdocs\TB2-Perpustakaan-PWeb2\vendor\codeigniter4\framework\system\CodeIgniter.php(326): CodeIgniter\CodeIgniter->handleRequest(NULL, Object(Config\Cache), false)
#3 C:\xampp\htdocs\TB2-Perpustakaan-PWeb2\public\index.php(37): CodeIgniter\CodeIgniter->run()
#4 C:\xampp\htdocs\TB2-Perpustakaan-PWeb2\vendor\codeigniter4\framework\system\Commands\Server\rewrite.php(43): require_once('C:\\xampp\\htdocs...')
#5 {main}
CRITICAL - 2022-06-07 04:52:44 --> Invalid argument supplied for foreach()
#0 C:\xampp\htdocs\TB2-Perpustakaan-PWeb2\app\Views\pdfListView.php(43): CodeIgniter\Debug\Exceptions->errorHandler(2, 'Invalid argumen...', 'C:\\xampp\\htdocs...', 43, Array)
#1 C:\xampp\htdocs\TB2-Perpustakaan-PWeb2\vendor\codeigniter4\framework\system\View\View.php(210): include('C:\\xampp\\htdocs...')
#2 C:\xampp\htdocs\TB2-Perpustakaan-PWeb2\vendor\codeigniter4\framework\system\View\View.php(213): CodeIgniter\View\View->CodeIgniter\View\{closure}()
#3 C:\xampp\htdocs\TB2-Perpustakaan-PWeb2\vendor\codeigniter4\framework\system\Common.php(1089): CodeIgniter\View\View->render('pdfListView', Array, true)
#4 C:\xampp\htdocs\TB2-Perpustakaan-PWeb2\app\Controllers\CV.php(176): view('pdfListView')
#5 C:\xampp\htdocs\TB2-Perpustakaan-PWeb2\vendor\codeigniter4\framework\system\CodeIgniter.php(832): App\Controllers\CV->exportPDF('1')
#6 C:\xampp\htdocs\TB2-Perpustakaan-PWeb2\vendor\codeigniter4\framework\system\CodeIgniter.php(419): CodeIgniter\CodeIgniter->runController(Object(App\Controllers\CV))
#7 C:\xampp\htdocs\TB2-Perpustakaan-PWeb2\vendor\codeigniter4\framework\system\CodeIgniter.php(326): CodeIgniter\CodeIgniter->handleRequest(NULL, Object(Config\Cache), false)
#8 C:\xampp\htdocs\TB2-Perpustakaan-PWeb2\public\index.php(37): CodeIgniter\CodeIgniter->run()
#9 C:\xampp\htdocs\TB2-Perpustakaan-PWeb2\vendor\codeigniter4\framework\system\Commands\Server\rewrite.php(43): require_once('C:\\xampp\\htdocs...')
#10 {main}
CRITICAL - 2022-06-07 04:53:58 --> Invalid argument supplied for foreach()
#0 C:\xampp\htdocs\TB2-Perpustakaan-PWeb2\app\Views\pdfListView.php(43): CodeIgniter\Debug\Exceptions->errorHandler(2, 'Invalid argumen...', 'C:\\xampp\\htdocs...', 43, Array)
#1 C:\xampp\htdocs\TB2-Perpustakaan-PWeb2\vendor\codeigniter4\framework\system\View\View.php(210): include('C:\\xampp\\htdocs...')
#2 C:\xampp\htdocs\TB2-Perpustakaan-PWeb2\vendor\codeigniter4\framework\system\View\View.php(213): CodeIgniter\View\View->CodeIgniter\View\{closure}()
#3 C:\xampp\htdocs\TB2-Perpustakaan-PWeb2\vendor\codeigniter4\framework\system\Common.php(1089): CodeIgniter\View\View->render('pdfListView', Array, true)
#4 C:\xampp\htdocs\TB2-Perpustakaan-PWeb2\app\Controllers\CV.php(176): view('pdfListView')
#5 C:\xampp\htdocs\TB2-Perpustakaan-PWeb2\vendor\codeigniter4\framework\system\CodeIgniter.php(832): App\Controllers\CV->exportPDF('1')
#6 C:\xampp\htdocs\TB2-Perpustakaan-PWeb2\vendor\codeigniter4\framework\system\CodeIgniter.php(419): CodeIgniter\CodeIgniter->runController(Object(App\Controllers\CV))
#7 C:\xampp\htdocs\TB2-Perpustakaan-PWeb2\vendor\codeigniter4\framework\system\CodeIgniter.php(326): CodeIgniter\CodeIgniter->handleRequest(NULL, Object(Config\Cache), false)
#8 C:\xampp\htdocs\TB2-Perpustakaan-PWeb2\public\index.php(37): CodeIgniter\CodeIgniter->run()
#9 C:\xampp\htdocs\TB2-Perpustakaan-PWeb2\vendor\codeigniter4\framework\system\Commands\Server\rewrite.php(43): require_once('C:\\xampp\\htdocs...')
#10 {main}
CRITICAL - 2022-06-07 04:57:52 --> Invalid argument supplied for foreach()
#0 C:\xampp\htdocs\TB2-Perpustakaan-PWeb2\app\Views\pdfListView.php(43): CodeIgniter\Debug\Exceptions->errorHandler(2, 'Invalid argumen...', 'C:\\xampp\\htdocs...', 43, Array)
#1 C:\xampp\htdocs\TB2-Perpustakaan-PWeb2\vendor\codeigniter4\framework\system\View\View.php(210): include('C:\\xampp\\htdocs...')
#2 C:\xampp\htdocs\TB2-Perpustakaan-PWeb2\vendor\codeigniter4\framework\system\View\View.php(213): CodeIgniter\View\View->CodeIgniter\View\{closure}()
#3 C:\xampp\htdocs\TB2-Perpustakaan-PWeb2\vendor\codeigniter4\framework\system\Common.php(1089): CodeIgniter\View\View->render('pdfListView', Array, true)
#4 C:\xampp\htdocs\TB2-Perpustakaan-PWeb2\app\Controllers\CV.php(176): view('pdfListView')
#5 C:\xampp\htdocs\TB2-Perpustakaan-PWeb2\vendor\codeigniter4\framework\system\CodeIgniter.php(832): App\Controllers\CV->exportPDF('1')
#6 C:\xampp\htdocs\TB2-Perpustakaan-PWeb2\vendor\codeigniter4\framework\system\CodeIgniter.php(419): CodeIgniter\CodeIgniter->runController(Object(App\Controllers\CV))
#7 C:\xampp\htdocs\TB2-Perpustakaan-PWeb2\vendor\codeigniter4\framework\system\CodeIgniter.php(326): CodeIgniter\CodeIgniter->handleRequest(NULL, Object(Config\Cache), false)
#8 C:\xampp\htdocs\TB2-Perpustakaan-PWeb2\public\index.php(37): CodeIgniter\CodeIgniter->run()
#9 C:\xampp\htdocs\TB2-Perpustakaan-PWeb2\vendor\codeigniter4\framework\system\Commands\Server\rewrite.php(43): require_once('C:\\xampp\\htdocs...')
#10 {main}
CRITICAL - 2022-06-07 04:58:11 --> Invalid argument supplied for foreach()
#0 C:\xampp\htdocs\TB2-Perpustakaan-PWeb2\app\Views\pdfListView.php(43): CodeIgniter\Debug\Exceptions->errorHandler(2, 'Invalid argumen...', 'C:\\xampp\\htdocs...', 43, Array)
#1 C:\xampp\htdocs\TB2-Perpustakaan-PWeb2\vendor\codeigniter4\framework\system\View\View.php(210): include('C:\\xampp\\htdocs...')
#2 C:\xampp\htdocs\TB2-Perpustakaan-PWeb2\vendor\codeigniter4\framework\system\View\View.php(213): CodeIgniter\View\View->CodeIgniter\View\{closure}()
#3 C:\xampp\htdocs\TB2-Perpustakaan-PWeb2\vendor\codeigniter4\framework\system\Common.php(1089): CodeIgniter\View\View->render('pdfListView', Array, true)
#4 C:\xampp\htdocs\TB2-Perpustakaan-PWeb2\app\Controllers\CV.php(176): view('pdfListView')
#5 C:\xampp\htdocs\TB2-Perpustakaan-PWeb2\vendor\codeigniter4\framework\system\CodeIgniter.php(832): App\Controllers\CV->exportPDF('1')
#6 C:\xampp\htdocs\TB2-Perpustakaan-PWeb2\vendor\codeigniter4\framework\system\CodeIgniter.php(419): CodeIgniter\CodeIgniter->runController(Object(App\Controllers\CV))
#7 C:\xampp\htdocs\TB2-Perpustakaan-PWeb2\vendor\codeigniter4\framework\system\CodeIgniter.php(326): CodeIgniter\CodeIgniter->handleRequest(NULL, Object(Config\Cache), false)
#8 C:\xampp\htdocs\TB2-Perpustakaan-PWeb2\public\index.php(37): CodeIgniter\CodeIgniter->run()
#9 C:\xampp\htdocs\TB2-Perpustakaan-PWeb2\vendor\codeigniter4\framework\system\Commands\Server\rewrite.php(43): require_once('C:\\xampp\\htdocs...')
#10 {main}
CRITICAL - 2022-06-07 04:58:20 --> Invalid argument supplied for foreach()
#0 C:\xampp\htdocs\TB2-Perpustakaan-PWeb2\app\Views\pdfListView.php(43): CodeIgniter\Debug\Exceptions->errorHandler(2, 'Invalid argumen...', 'C:\\xampp\\htdocs...', 43, Array)
#1 C:\xampp\htdocs\TB2-Perpustakaan-PWeb2\vendor\codeigniter4\framework\system\View\View.php(210): include('C:\\xampp\\htdocs...')
#2 C:\xampp\htdocs\TB2-Perpustakaan-PWeb2\vendor\codeigniter4\framework\system\View\View.php(213): CodeIgniter\View\View->CodeIgniter\View\{closure}()
#3 C:\xampp\htdocs\TB2-Perpustakaan-PWeb2\vendor\codeigniter4\framework\system\Common.php(1089): CodeIgniter\View\View->render('pdfListView', Array, true)
#4 C:\xampp\htdocs\TB2-Perpustakaan-PWeb2\app\Controllers\CV.php(176): view('pdfListView')
#5 C:\xampp\htdocs\TB2-Perpustakaan-PWeb2\vendor\codeigniter4\framework\system\CodeIgniter.php(832): App\Controllers\CV->exportPDF('1')
#6 C:\xampp\htdocs\TB2-Perpustakaan-PWeb2\vendor\codeigniter4\framework\system\CodeIgniter.php(419): CodeIgniter\CodeIgniter->runController(Object(App\Controllers\CV))
#7 C:\xampp\htdocs\TB2-Perpustakaan-PWeb2\vendor\codeigniter4\framework\system\CodeIgniter.php(326): CodeIgniter\CodeIgniter->handleRequest(NULL, Object(Config\Cache), false)
#8 C:\xampp\htdocs\TB2-Perpustakaan-PWeb2\public\index.php(37): CodeIgniter\CodeIgniter->run()
#9 C:\xampp\htdocs\TB2-Perpustakaan-PWeb2\vendor\codeigniter4\framework\system\Commands\Server\rewrite.php(43): require_once('C:\\xampp\\htdocs...')
#10 {main}
CRITICAL - 2022-06-07 04:58:21 --> Invalid argument supplied for foreach()
#0 C:\xampp\htdocs\TB2-Perpustakaan-PWeb2\app\Views\pdfListView.php(43): CodeIgniter\Debug\Exceptions->errorHandler(2, 'Invalid argumen...', 'C:\\xampp\\htdocs...', 43, Array)
#1 C:\xampp\htdocs\TB2-Perpustakaan-PWeb2\vendor\codeigniter4\framework\system\View\View.php(210): include('C:\\xampp\\htdocs...')
#2 C:\xampp\htdocs\TB2-Perpustakaan-PWeb2\vendor\codeigniter4\framework\system\View\View.php(213): CodeIgniter\View\View->CodeIgniter\View\{closure}()
#3 C:\xampp\htdocs\TB2-Perpustakaan-PWeb2\vendor\codeigniter4\framework\system\Common.php(1089): CodeIgniter\View\View->render('pdfListView', Array, true)
#4 C:\xampp\htdocs\TB2-Perpustakaan-PWeb2\app\Controllers\CV.php(176): view('pdfListView')
#5 C:\xampp\htdocs\TB2-Perpustakaan-PWeb2\vendor\codeigniter4\framework\system\CodeIgniter.php(832): App\Controllers\CV->exportPDF('1')
#6 C:\xampp\htdocs\TB2-Perpustakaan-PWeb2\vendor\codeigniter4\framework\system\CodeIgniter.php(419): CodeIgniter\CodeIgniter->runController(Object(App\Controllers\CV))
#7 C:\xampp\htdocs\TB2-Perpustakaan-PWeb2\vendor\codeigniter4\framework\system\CodeIgniter.php(326): CodeIgniter\CodeIgniter->handleRequest(NULL, Object(Config\Cache), false)
#8 C:\xampp\htdocs\TB2-Perpustakaan-PWeb2\public\index.php(37): CodeIgniter\CodeIgniter->run()
#9 C:\xampp\htdocs\TB2-Perpustakaan-PWeb2\vendor\codeigniter4\framework\system\Commands\Server\rewrite.php(43): require_once('C:\\xampp\\htdocs...')
#10 {main}
CRITICAL - 2022-06-07 04:59:43 --> Invalid argument supplied for foreach()
#0 C:\xampp\htdocs\TB2-Perpustakaan-PWeb2\app\Views\pdfListView.php(44): CodeIgniter\Debug\Exceptions->errorHandler(2, 'Invalid argumen...', 'C:\\xampp\\htdocs...', 44, Array)
#1 C:\xampp\htdocs\TB2-Perpustakaan-PWeb2\vendor\codeigniter4\framework\system\View\View.php(210): include('C:\\xampp\\htdocs...')
#2 C:\xampp\htdocs\TB2-Perpustakaan-PWeb2\vendor\codeigniter4\framework\system\View\View.php(213): CodeIgniter\View\View->CodeIgniter\View\{closure}()
#3 C:\xampp\htdocs\TB2-Perpustakaan-PWeb2\vendor\codeigniter4\framework\system\Common.php(1089): CodeIgniter\View\View->render('pdfListView', Array, true)
#4 C:\xampp\htdocs\TB2-Perpustakaan-PWeb2\app\Controllers\CV.php(176): view('pdfListView')
#5 C:\xampp\htdocs\TB2-Perpustakaan-PWeb2\vendor\codeigniter4\framework\system\CodeIgniter.php(832): App\Controllers\CV->exportPDF('1')
#6 C:\xampp\htdocs\TB2-Perpustakaan-PWeb2\vendor\codeigniter4\framework\system\CodeIgniter.php(419): CodeIgniter\CodeIgniter->runController(Object(App\Controllers\CV))
#7 C:\xampp\htdocs\TB2-Perpustakaan-PWeb2\vendor\codeigniter4\framework\system\CodeIgniter.php(326): CodeIgniter\CodeIgniter->handleRequest(NULL, Object(Config\Cache), false)
#8 C:\xampp\htdocs\TB2-Perpustakaan-PWeb2\public\index.php(37): CodeIgniter\CodeIgniter->run()
#9 C:\xampp\htdocs\TB2-Perpustakaan-PWeb2\vendor\codeigniter4\framework\system\Commands\Server\rewrite.php(43): require_once('C:\\xampp\\htdocs...')
#10 {main}
CRITICAL - 2022-06-07 04:59:46 --> Invalid argument supplied for foreach()
#0 C:\xampp\htdocs\TB2-Perpustakaan-PWeb2\app\Views\pdfListView.php(44): CodeIgniter\Debug\Exceptions->errorHandler(2, 'Invalid argumen...', 'C:\\xampp\\htdocs...', 44, Array)
#1 C:\xampp\htdocs\TB2-Perpustakaan-PWeb2\vendor\codeigniter4\framework\system\View\View.php(210): include('C:\\xampp\\htdocs...')
#2 C:\xampp\htdocs\TB2-Perpustakaan-PWeb2\vendor\codeigniter4\framework\system\View\View.php(213): CodeIgniter\View\View->CodeIgniter\View\{closure}()
#3 C:\xampp\htdocs\TB2-Perpustakaan-PWeb2\vendor\codeigniter4\framework\system\Common.php(1089): CodeIgniter\View\View->render('pdfListView', Array, true)
#4 C:\xampp\htdocs\TB2-Perpustakaan-PWeb2\app\Controllers\CV.php(176): view('pdfListView')
#5 C:\xampp\htdocs\TB2-Perpustakaan-PWeb2\vendor\codeigniter4\framework\system\CodeIgniter.php(832): App\Controllers\CV->exportPDF('1')
#6 C:\xampp\htdocs\TB2-Perpustakaan-PWeb2\vendor\codeigniter4\framework\system\CodeIgniter.php(419): CodeIgniter\CodeIgniter->runController(Object(App\Controllers\CV))
#7 C:\xampp\htdocs\TB2-Perpustakaan-PWeb2\vendor\codeigniter4\framework\system\CodeIgniter.php(326): CodeIgniter\CodeIgniter->handleRequest(NULL, Object(Config\Cache), false)
#8 C:\xampp\htdocs\TB2-Perpustakaan-PWeb2\public\index.php(37): CodeIgniter\CodeIgniter->run()
#9 C:\xampp\htdocs\TB2-Perpustakaan-PWeb2\vendor\codeigniter4\framework\system\Commands\Server\rewrite.php(43): require_once('C:\\xampp\\htdocs...')
#10 {main}
CRITICAL - 2022-06-07 05:00:13 --> Invalid argument supplied for foreach()
#0 C:\xampp\htdocs\TB2-Perpustakaan-PWeb2\app\Views\pdfListView.php(44): CodeIgniter\Debug\Exceptions->errorHandler(2, 'Invalid argumen...', 'C:\\xampp\\htdocs...', 44, Array)
#1 C:\xampp\htdocs\TB2-Perpustakaan-PWeb2\vendor\codeigniter4\framework\system\View\View.php(210): include('C:\\xampp\\htdocs...')
#2 C:\xampp\htdocs\TB2-Perpustakaan-PWeb2\vendor\codeigniter4\framework\system\View\View.php(213): CodeIgniter\View\View->CodeIgniter\View\{closure}()
#3 C:\xampp\htdocs\TB2-Perpustakaan-PWeb2\vendor\codeigniter4\framework\system\Common.php(1089): CodeIgniter\View\View->render('pdfListView', Array, true)
#4 C:\xampp\htdocs\TB2-Perpustakaan-PWeb2\app\Controllers\CV.php(176): view('pdfListView')
#5 C:\xampp\htdocs\TB2-Perpustakaan-PWeb2\vendor\codeigniter4\framework\system\CodeIgniter.php(832): App\Controllers\CV->exportPDF('1')
#6 C:\xampp\htdocs\TB2-Perpustakaan-PWeb2\vendor\codeigniter4\framework\system\CodeIgniter.php(419): CodeIgniter\CodeIgniter->runController(Object(App\Controllers\CV))
#7 C:\xampp\htdocs\TB2-Perpustakaan-PWeb2\vendor\codeigniter4\framework\system\CodeIgniter.php(326): CodeIgniter\CodeIgniter->handleRequest(NULL, Object(Config\Cache), false)
#8 C:\xampp\htdocs\TB2-Perpustakaan-PWeb2\public\index.php(37): CodeIgniter\CodeIgniter->run()
#9 C:\xampp\htdocs\TB2-Perpustakaan-PWeb2\vendor\codeigniter4\framework\system\Commands\Server\rewrite.php(43): require_once('C:\\xampp\\htdocs...')
#10 {main}
